<?xml version="1.0" encoding="UTF-8"?>
<!-- Generated by org.testng.reporters.JUnitReportReporter -->
<testsuite hostname="VIKASLAGAD" failures="0" tests="1" name="test.Logintest" time="2.831" errors="0" timestamp="2022-06-29T21:55:11 IST" skipped="0">
  <testcase classname="test.Logintest" name="m3" time="2.831"/>
  <system-out/>
</testsuite> <!-- test.Logintest -->
